<?xml version="1.0" encoding="UTF-8"?>
<testng-results ignored="2" total="3" passed="1" failed="0" skipped="0">
  <reporter-output>
  </reporter-output>
  <suite started-at="2024-11-07T10:43:51 IST" name="Default suite" finished-at="2024-11-07T10:45:23 IST" duration-ms="92408">
    <groups>
      <group name="smokeTesting">
        <method signature="ContactTest.createContactWithMandatoryFields()[pri:0, instance:com.vtiger.contacttest.ContactTest@18271936]" name="createContactWithMandatoryFields" class="com.vtiger.contacttest.ContactTest"/>
      </group> <!-- smokeTesting -->
    </groups>
    <test started-at="2024-11-07T10:43:51 IST" name="Default test" finished-at="2024-11-07T10:45:23 IST" duration-ms="92408">
      <class name="com.vtiger.contacttest.ContactTest">
        <test-method is-config="true" signature="configBS()[pri:0, instance:com.vtiger.contacttest.ContactTest@18271936]" started-at="2024-11-07T10:43:08 IST" name="configBS" finished-at="2024-11-07T10:43:51 IST" duration-ms="42222" status="PASS">
          <reporter-output>
          </reporter-output>
        </test-method> <!-- configBS -->
        <test-method is-config="true" signature="configCS()[pri:0, instance:com.vtiger.contacttest.ContactTest@18271936]" started-at="2024-11-07T10:43:51 IST" name="configCS" finished-at="2024-11-07T10:44:16 IST" duration-ms="25130" status="PASS">
          <reporter-output>
          </reporter-output>
        </test-method> <!-- configCS -->
        <test-method is-config="true" signature="configBM()[pri:0, instance:com.vtiger.contacttest.ContactTest@18271936]" started-at="2024-11-07T10:44:16 IST" name="configBM" finished-at="2024-11-07T10:44:32 IST" duration-ms="16030" status="PASS">
          <reporter-output>
          </reporter-output>
        </test-method> <!-- configBM -->
        <test-method signature="createContactWithMandatoryFields()[pri:0, instance:com.vtiger.contacttest.ContactTest@18271936]" started-at="2024-11-07T10:44:32 IST" name="createContactWithMandatoryFields" finished-at="2024-11-07T10:45:14 IST" duration-ms="41960" status="PASS">
          <reporter-output>
          </reporter-output>
        </test-method> <!-- createContactWithMandatoryFields -->
        <test-method is-config="true" signature="configAM()[pri:0, instance:com.vtiger.contacttest.ContactTest@18271936]" started-at="2024-11-07T10:45:14 IST" name="configAM" finished-at="2024-11-07T10:45:23 IST" duration-ms="8912" status="PASS">
          <reporter-output>
          </reporter-output>
        </test-method> <!-- configAM -->
        <test-method is-config="true" signature="configAC()[pri:0, instance:com.vtiger.contacttest.ContactTest@18271936]" started-at="2024-11-07T10:45:23 IST" name="configAC" finished-at="2024-11-07T10:45:23 IST" duration-ms="346" status="PASS">
          <reporter-output>
          </reporter-output>
        </test-method> <!-- configAC -->
        <test-method is-config="true" signature="configAS()[pri:0, instance:com.vtiger.contacttest.ContactTest@18271936]" started-at="2024-11-07T10:45:23 IST" name="configAS" finished-at="2024-11-07T10:45:23 IST" duration-ms="15" status="FAIL">
          <exception class="java.lang.NullPointerException">
            <message>
              <![CDATA[Cannot invoke "java.sql.Connection.close()" because "this.conn" is null]]>
            </message>
            <full-stacktrace>
              <![CDATA[java.lang.NullPointerException: Cannot invoke "java.sql.Connection.close()" because "this.conn" is null
at com.vtiger.crm.generic.databaseutility.DatabaseUtility.closeDbConnection(DatabaseUtility.java:31)
at com.crm.generic.baseutility.BaseClass.configAS(BaseClass.java:125)
at java.base/jdk.internal.reflect.DirectMethodHandleAccessor.invoke(DirectMethodHandleAccessor.java:103)
at java.base/java.lang.reflect.Method.invoke(Method.java:580)
at org.testng.internal.MethodInvocationHelper.invokeMethod(MethodInvocationHelper.java:133)
at org.testng.internal.MethodInvocationHelper.invokeMethodConsideringTimeout(MethodInvocationHelper.java:62)
at org.testng.internal.ConfigInvoker.invokeConfigurationMethod(ConfigInvoker.java:385)
at org.testng.internal.ConfigInvoker.invokeConfigurations(ConfigInvoker.java:321)
at org.testng.SuiteRunner.privateRun(SuiteRunner.java:344)
at org.testng.SuiteRunner.run(SuiteRunner.java:276)
at org.testng.SuiteRunnerWorker.runSuite(SuiteRunnerWorker.java:53)
at org.testng.SuiteRunnerWorker.run(SuiteRunnerWorker.java:96)
at org.testng.TestNG.runSuitesSequentially(TestNG.java:1212)
at org.testng.TestNG.runSuitesLocally(TestNG.java:1134)
at org.testng.TestNG.runSuites(TestNG.java:1063)
at org.testng.TestNG.run(TestNG.java:1031)
at org.testng.remote.AbstractRemoteTestNG.run(AbstractRemoteTestNG.java:115)
at org.testng.remote.RemoteTestNG.initAndRun(RemoteTestNG.java:293)
at org.testng.remote.RemoteTestNG.main(RemoteTestNG.java:91)
]]>
            </full-stacktrace>
          </exception> <!-- java.lang.NullPointerException -->
          <reporter-output>
          </reporter-output>
        </test-method> <!-- configAS -->
      </class> <!-- com.vtiger.contacttest.ContactTest -->
    </test> <!-- Default test -->
  </suite> <!-- Default suite -->
</testng-results>
