<?xml version="1.0" encoding="UTF-8"?>
<!-- Generated by org.testng.reporters.JUnitXMLReporter -->
<testsuite ignored="2" hostname="Risp" failures="0" tests="1" name="Default test" time="92.408" errors="0" timestamp="2024-11-07T10:45:23 IST">
  <testcase classname="com.vtiger.contacttest.ContactTest" name="createContactWithMandatoryFields" time="41.96"/>
  <testcase classname="com.vtiger.contacttest.ContactTest" name="createContactWithOrg" time="0.0">
    <ignored/>
  </testcase> <!-- createContactWithOrg -->
  <testcase classname="com.vtiger.contacttest.ContactTest" name="createContactWithDate" time="0.0">
    <ignored/>
  </testcase> <!-- createContactWithDate -->
</testsuite> <!-- Default test -->
